<?xml version="1.0" encoding="UTF-8"?>
<!-- Generated by org.testng.reporters.JUnitReportReporter -->
<testsuite hostname="LAPTOP-2VUVNRGK" failures="0" tests="1" name="com.Runnerdemo.TestRunnerdemo" time="31.006" errors="0" timestamp="2023-01-29T11:24:43 CET" skipped="0">
  <testcase classname="com.Runnerdemo.TestRunnerdemo" name="feature" time="31.006"/>
  <system-out/>
</testsuite> <!-- com.Runnerdemo.TestRunnerdemo -->
